[23-Feb-2011 12:39:06] PDO Connection Error: SQLSTATE[28000] [1045] Access denied for user 'lifemanager'@'localhost' (using password: YES)
[23-Feb-2011 12:40:55] SQLSTATE[42S22]: Column not found: 1054 Unknown column 'task_order' in 'order clause'. Failing Query: "SELECT l.task_id AS l__task_id, l.name AS l__name, l.time_done AS l__time_done, l.created_at AS l__created_at, l.updated_at AS l__updated_at FROM lm_tasks l ORDER BY task_order ASC, due_date DESC, l.created_at DESC"
[23-Feb-2011 12:40:58] SQLSTATE[42S22]: Column not found: 1054 Unknown column 'task_order' in 'order clause'. Failing Query: "SELECT l.task_id AS l__task_id, l.name AS l__name, l.time_done AS l__time_done, l.created_at AS l__created_at, l.updated_at AS l__updated_at FROM lm_tasks l ORDER BY task_order ASC, due_date DESC, l.created_at DESC"
[23-Feb-2011 12:41:19] SQLSTATE[42S22]: Column not found: 1054 Unknown column 'task_order' in 'order clause'. Failing Query: "SELECT l.task_id AS l__task_id, l.name AS l__name, l.time_done AS l__time_done, l.created_at AS l__created_at, l.updated_at AS l__updated_at FROM lm_tasks l ORDER BY task_order ASC, due_date DESC, l.created_at DESC"
[23-Feb-2011 12:41:30] SQLSTATE[42S22]: Column not found: 1054 Unknown column 'task_order' in 'order clause'. Failing Query: "SELECT l.task_id AS l__task_id, l.name AS l__name, l.time_done AS l__time_done, l.created_at AS l__created_at, l.updated_at AS l__updated_at FROM lm_tasks l ORDER BY task_order ASC, due_date DESC, l.created_at DESC"
[23-Feb-2011 12:45:07] SQLSTATE[42S22]: Column not found: 1054 Unknown column 'due_date' in 'order clause'. Failing Query: "SELECT l.task_id AS l__task_id, l.name AS l__name, l.time_done AS l__time_done, l.task_order AS l__task_order, l.created_at AS l__created_at, l.updated_at AS l__updated_at FROM lm_tasks l ORDER BY l.task_order ASC, due_date DESC, l.created_at DESC"
[23-Feb-2011 12:45:12] SQLSTATE[42S22]: Column not found: 1054 Unknown column 'due_date' in 'order clause'. Failing Query: "SELECT l.task_id AS l__task_id, l.name AS l__name, l.time_done AS l__time_done, l.task_order AS l__task_order, l.created_at AS l__created_at, l.updated_at AS l__updated_at FROM lm_tasks l ORDER BY l.task_order ASC, due_date DESC, l.created_at DESC"
[23-Feb-2011 12:45:39] Unknown record property / related component "is_urgent" on "Tasks"
[23-Feb-2011 12:45:58] Unknown record property / related component "is_urgent" on "Tasks"
[23-Feb-2011 12:55:36] Unknown record property / related component "is_urgent" on "Tasks"
[23-Feb-2011 12:56:53] Unknown record property / related component "is_urgent" on "Tasks"
[23-Feb-2011 12:58:54] Unknown record property / related component "is_urgent" on "Tasks"
[23-Feb-2011 12:59:53] Action "ajaxinsert/index" does not exist.
[23-Feb-2011 13:00:02] Unknown record property / related component "is_urgent" on "Tasks"
[23-Feb-2011 13:01:07] Unknown record property / related component "is_urgent" on "Tasks"
[23-Feb-2011 13:01:11] Action "taskmanager/quadrant" does not exist.
[23-Feb-2011 13:01:23] Empty module and/or action after parsing the URL "/taskmanager" (/).
[23-Feb-2011 13:01:24] Empty module and/or action after parsing the URL "/taskmanager/" (/).
[23-Feb-2011 13:01:32] Empty module and/or action after parsing the URL "/taskmanager" (/).
[23-Feb-2011 13:06:57] Empty module and/or action after parsing the URL "/taskmanager/ajaxinsert" (/).
[23-Feb-2011 13:07:33] Unknown record property / related component "user" on "UserTasks"
[23-Feb-2011 13:08:06] Unknown record property / related component "user" on "UserTasks"
[23-Feb-2011 13:08:35] Unknown record property / related component "task" on "UserTasks"
[23-Feb-2011 13:08:50] Unknown record property / related component "is_important" on "Tasks"
[23-Feb-2011 13:08:53] Unknown record property / related component "is_important" on "Tasks"
[23-Feb-2011 13:10:42] SQLSTATE[23000]: Integrity constraint violation: 1062 Duplicate entry '1-4' for key 'PRIMARY'
[23-Feb-2011 13:11:19] SQLSTATE[23000]: Integrity constraint violation: 1062 Duplicate entry '1-3' for key 'PRIMARY'
[23-Feb-2011 13:11:46] SQLSTATE[23000]: Integrity constraint violation: 1062 Duplicate entry '1-4' for key 'PRIMARY'
